<?xml version="1.0" encoding="UTF-8"?>
<testsuite xmlns:xsi="http://www.w3.org/2001/XMLSchema-instance" xsi:noNamespaceSchemaLocation="https://maven.apache.org/surefire/maven-surefire-plugin/xsd/surefire-test-report-3.0.xsd" version="3.0" name="com.xuri.rpc.UnitApiTest" time="0.027" tests="15" errors="0" skipped="0" failures="0">
  <properties>
[...]
</properties>
  <testcase name="testObjectOfProxyManagerDeleteByRef" classname="com.xuri.rpc.UnitApiTest" time="0.002"/>
  <testcase name="testObjectOfProxyManagerReRegister" classname="com.xuri.rpc.UnitApiTest" time="0.0"/>
  <testcase name="testDeleteProxy" classname="com.xuri.rpc.UnitApiTest" time="0.001"/>
  <testcase name="testObjectOfProxyManagerSetAndGet" classname="com.xuri.rpc.UnitApiTest" time="0.004"/>
  <testcase name="testPreArgObj" classname="com.xuri.rpc.UnitApiTest" time="0.0"/>
  <testcase name="testRemoteProxyManagerSetAndGet" classname="com.xuri.rpc.UnitApiTest" time="0.001"/>
  <testcase name="testIdentityBasedProxy" classname="com.xuri.rpc.UnitApiTest" time="0.002"/>
  <testcase name="testObjectOfProxyManagerDeleteById" classname="com.xuri.rpc.UnitApiTest" time="0.001"/>
  <testcase name="testClientHostId" classname="com.xuri.rpc.UnitApiTest" time="0.001"/>
  <testcase name="testDeleteProxyById" classname="com.xuri.rpc.UnitApiTest" time="0.0"/>
  <testcase name="testMessageReceiverSetMain" classname="com.xuri.rpc.UnitApiTest" time="0.0"/>
  <testcase name="testMessageReceiverWaitingCount" classname="com.xuri.rpc.UnitApiTest" time="0.001"/>
  <testcase name="testRemoteProxyManagerNonExistent" classname="com.xuri.rpc.UnitApiTest" time="0.001"/>
  <testcase name="testObjectOfProxyManagerMultipleObjects" classname="com.xuri.rpc.UnitApiTest" time="0.0"/>
  <testcase name="testRemoteProxyManagerClientMapping" classname="com.xuri.rpc.UnitApiTest" time="0.0"/>
</testsuite>